2017/10/05 21:46:15 [I]                                                                                                ！！当前运行模式为：[ 单机 ] 模式！！
2017/10/05 21:47:23 [I]  *     不使用代理IP

2017/10/05 21:47:23 [I]  *     执行任务总数(任务数[*自定义配置数])为 1 个

2017/10/05 21:47:23 [I]  *     采集引擎池容量为 1

2017/10/05 21:47:23 [I]  *     并发协程最多 20 个

2017/10/05 21:47:23 [I]  *     默认随机停顿 150~600 毫秒

2017/10/05 21:47:23 [P]  *                                                                                                 —— 开始抓取，请耐心等候 ——
2017/10/05 21:47:23 [I]  *********************************************************************************************************************************** 
2017/10/05 21:47:23 [D]  *     Start: https://www.baidu.com/img/bd_logo1.png
2017/10/05 21:47:23 [D]  *     Start: https://github.com/henrylee2cn/pholcus
2017/10/05 21:47:28 [I]  *     Success: https://www.baidu.com/img/bd_logo1.png

2017/10/05 21:47:28 [I]  * 
2017/10/05 21:47:28 [P]  *     [文件下载：文件下载测试 | KEYIN： | 批次：1]   pholcus_pkg/file_out/文件下载测试/baidu.png (7.69KB)

2017/10/05 21:47:28 [I]  * 
2017/10/05 21:47:38 [I]  *     Success: https://github.com/henrylee2cn/pholcus

2017/10/05 21:47:38 [I]  * 
2017/10/05 21:47:38 [P]  *     [文件下载：文件下载测试 | KEYIN： | 批次：2]   pholcus_pkg/file_out/文件下载测试/pholcus.html (100.94KB)

2017/10/05 21:47:38 [I]  * 
2017/10/05 21:47:38 [I]  * 
2017/10/05 21:47:38 [P]  *     [任务小计：文件下载测试 | KEYIN：]   共下载文件 2 个，用时 14.905372757s！

2017/10/05 21:47:38 [I]  * 
2017/10/05 21:47:38 [I]  *********************************************************************************************************************************** 
2017/10/05 21:47:38 [I]  * 
2017/10/05 21:47:38 [P]  *                            —— 本次合计采集【文件 2 个】， 实爬【成功 2 URL + 失败 0 URL = 合计 2 URL】，耗时【14.905401476s】 ——
2017/10/05 21:47:38 [I]  * 
2017/10/05 21:47:38 [I]  *********************************************************************************************************************************** 
